app/build/intermediates/manifest_merge_blame_file/debug/manifest-merger-blame-debug-report.txt
1<?xml version="1.0" encoding="utf-8"?>
2<manifest xmlns:android="http://schemas.android.com/apk/res/android"
3    package="com.rajdeeptanwar5.codeforcesanalyser"
4    android:versionCode="1"
5    android:versionName="1.0" >
6
7    <uses-sdk
8        android:minSdkVersion="19"
8-->src\main\AndroidManifest.xml
9        android:targetSdkVersion="30" />
9-->src\main\AndroidManifest.xml
10
11    <uses-permission android:name="android.permission.ACCESS_NETWORK_STATE" />
11-->src\main\AndroidManifest.xml:5:5-79
11-->src\main\AndroidManifest.xml:5:22-76
12    <uses-permission android:name="android.permission.INTERNET" />
12-->src\main\AndroidManifest.xml:6:5-67
12-->src\main\AndroidManifest.xml:6:22-64
13
14    <application
14-->src\main\AndroidManifest.xml:8:5-32:19
15        android:name="androidx.multidex.MultiDexApplication"
16        android:allowBackup="true"
16-->src\main\AndroidManifest.xml:9:9-35
17        android:appComponentFactory="androidx.core.app.CoreComponentFactory"
17-->[androidx.core:core:1.5.0] AndroidManifest.xml:24:18-86
18        android:debuggable="true"
19        android:icon="@mipmap/ic_launcher"
19-->src\main\AndroidManifest.xml:10:9-43
20        android:label="@string/app_name"
20-->src\main\AndroidManifest.xml:11:9-41
21        android:roundIcon="@mipmap/ic_launcher_round"
21-->src\main\AndroidManifest.xml:12:9-54
22        android:supportsRtl="true"
22-->src\main\AndroidManifest.xml:13:9-35
23        android:testOnly="true"
24        android:theme="@style/Theme.CodeforcesAnalyser" >
24-->src\main\AndroidManifest.xml:14:9-56
25        <activity android:name="com.rajdeeptanwar5.codeforcesanalyser.AnalyserActivity" >
25-->src\main\AndroidManifest.xml:15:9-17:20
25-->src\main\AndroidManifest.xml:15:19-51
26        </activity>
27        <activity
27-->src\main\AndroidManifest.xml:18:9-22:20
28            android:name="com.rajdeeptanwar5.codeforcesanalyser.ProfileActivity"
28-->src\main\AndroidManifest.xml:19:13-44
29            android:label="Profile" >
29-->src\main\AndroidManifest.xml:20:13-36
30        </activity>
31        <activity
31-->src\main\AndroidManifest.xml:23:9-31:20
32            android:name="com.rajdeeptanwar5.codeforcesanalyser.MainActivity"
32-->src\main\AndroidManifest.xml:24:13-41
33            android:label="Codeforces Analyser" >
33-->src\main\AndroidManifest.xml:25:13-48
34            <intent-filter>
34-->src\main\AndroidManifest.xml:26:13-30:29
35                <action android:name="android.intent.action.MAIN" />
35-->src\main\AndroidManifest.xml:27:17-69
35-->src\main\AndroidManifest.xml:27:25-66
36
37                <category android:name="android.intent.category.LAUNCHER" />
37-->src\main\AndroidManifest.xml:29:17-77
37-->src\main\AndroidManifest.xml:29:27-74
38            </intent-filter>
39        </activity>
40    </application>
41
42</manifest>